  PlayScence.cpp
c:\users\admin\desktop\project 5\gamedev-intro-tutorials\05-scencemanager\timercustom.h(17): warning C4244: '=': conversion from 'ULONGLONG' to 'int', possible loss of data
c:\users\admin\desktop\project 5\gamedev-intro-tutorials\05-scencemanager\mario.h(154): warning C4305: 'initializing': truncation from 'double' to 'float'
c:\users\admin\desktop\project 5\gamedev-intro-tutorials\05-scencemanager\mario.h(216): warning C4244: '=': conversion from 'ULONGLONG' to 'DWORD', possible loss of data
c:\users\admin\desktop\project 5\gamedev-intro-tutorials\05-scencemanager\mario.h(224): warning C4244: '=': conversion from 'ULONGLONG' to 'DWORD', possible loss of data
c:\users\admin\desktop\project 5\gamedev-intro-tutorials\05-scencemanager\flatform.h(3): warning C4005: 'BRICK_BBOX_WIDTH': macro redefinition
  c:\users\admin\desktop\project 5\gamedev-intro-tutorials\05-scencemanager\brick.h(4): note: see previous definition of 'BRICK_BBOX_WIDTH'
c:\users\admin\desktop\project 5\gamedev-intro-tutorials\05-scencemanager\flatform.h(4): warning C4005: 'BRICK_BBOX_HEIGHT': macro redefinition
  c:\users\admin\desktop\project 5\gamedev-intro-tutorials\05-scencemanager\brick.h(5): note: see previous definition of 'BRICK_BBOX_HEIGHT'
c:\users\admin\desktop\project 5\gamedev-intro-tutorials\05-scencemanager\coin.h(4): warning C4005: 'CONCO_WALKING_SPEED': macro redefinition
  c:\users\admin\desktop\project 5\gamedev-intro-tutorials\05-scencemanager\conco.h(6): note: see previous definition of 'CONCO_WALKING_SPEED'
c:\users\admin\desktop\project 5\gamedev-intro-tutorials\05-scencemanager\coin.h(5): warning C4005: 'CONCO_MAI_RUA_CHAY_SPEED': macro redefinition
  c:\users\admin\desktop\project 5\gamedev-intro-tutorials\05-scencemanager\conco.h(7): note: see previous definition of 'CONCO_MAI_RUA_CHAY_SPEED'
c:\users\admin\desktop\project 5\gamedev-intro-tutorials\05-scencemanager\coin.h(18): warning C4005: 'CONCO_ANI_WALKING_RIGHT': macro redefinition
  c:\users\admin\desktop\project 5\gamedev-intro-tutorials\05-scencemanager\conco.h(34): note: see previous definition of 'CONCO_ANI_WALKING_RIGHT'
c:\users\admin\desktop\project 5\gamedev-intro-tutorials\05-scencemanager\coin.h(19): warning C4005: 'CONCO_ANI_THUT_VAO': macro redefinition
  c:\users\admin\desktop\project 5\gamedev-intro-tutorials\05-scencemanager\conco.h(29): note: see previous definition of 'CONCO_ANI_THUT_VAO'
c:\users\admin\desktop\project 5\gamedev-intro-tutorials\05-scencemanager\coin.h(20): warning C4005: 'CONCO_ANI_MAI_RUA_CHAY': macro redefinition
  c:\users\admin\desktop\project 5\gamedev-intro-tutorials\05-scencemanager\conco.h(30): note: see previous definition of 'CONCO_ANI_MAI_RUA_CHAY'
c:\users\admin\desktop\project 5\gamedev-intro-tutorials\05-scencemanager\pine.h(7): warning C4005: 'PARA_GROOMBA_WALKING_SPEED': macro redefinition
  c:\users\admin\desktop\project 5\gamedev-intro-tutorials\05-scencemanager\paragoomba.h(12): note: see previous definition of 'PARA_GROOMBA_WALKING_SPEED'
c:\users\admin\desktop\project 5\gamedev-intro-tutorials\05-scencemanager\playscence.cpp(130): warning C4018: '<': signed/unsigned mismatch
c:\users\admin\desktop\project 5\gamedev-intro-tutorials\05-scencemanager\playscence.cpp(152): warning C4018: '<': signed/unsigned mismatch
c:\users\admin\desktop\project 5\gamedev-intro-tutorials\05-scencemanager\playscence.cpp(175): warning C4244: 'initializing': conversion from 'double' to 'float', possible loss of data
c:\users\admin\desktop\project 5\gamedev-intro-tutorials\05-scencemanager\playscence.cpp(176): warning C4244: 'initializing': conversion from 'double' to 'float', possible loss of data
c:\users\admin\desktop\project 5\gamedev-intro-tutorials\05-scencemanager\playscence.cpp(219): warning C4244: 'initializing': conversion from 'double' to 'float', possible loss of data
c:\users\admin\desktop\project 5\gamedev-intro-tutorials\05-scencemanager\playscence.cpp(220): warning C4244: 'initializing': conversion from 'double' to 'float', possible loss of data
c:\users\admin\desktop\project 5\gamedev-intro-tutorials\05-scencemanager\playscence.cpp(227): warning C4244: 'initializing': conversion from 'double' to 'int', possible loss of data
c:\users\admin\desktop\project 5\gamedev-intro-tutorials\05-scencemanager\playscence.cpp(228): warning C4244: 'initializing': conversion from 'double' to 'int', possible loss of data
c:\users\admin\desktop\project 5\gamedev-intro-tutorials\05-scencemanager\playscence.cpp(229): warning C4244: 'initializing': conversion from 'double' to 'int', possible loss of data
c:\users\admin\desktop\project 5\gamedev-intro-tutorials\05-scencemanager\playscence.cpp(230): warning C4244: 'argument': conversion from 'int' to 'float', possible loss of data
c:\users\admin\desktop\project 5\gamedev-intro-tutorials\05-scencemanager\playscence.cpp(237): warning C4244: 'initializing': conversion from 'double' to 'int', possible loss of data
c:\users\admin\desktop\project 5\gamedev-intro-tutorials\05-scencemanager\playscence.cpp(286): warning C4244: 'initializing': conversion from 'double' to 'int', possible loss of data
c:\users\admin\desktop\project 5\gamedev-intro-tutorials\05-scencemanager\playscence.cpp(540): warning C4018: '<': signed/unsigned mismatch
c:\users\admin\desktop\project 5\gamedev-intro-tutorials\05-scencemanager\playscence.cpp(544): warning C4018: '<': signed/unsigned mismatch
c:\users\admin\desktop\project 5\gamedev-intro-tutorials\05-scencemanager\playscence.cpp(547): warning C4018: '<': signed/unsigned mismatch
c:\users\admin\desktop\project 5\gamedev-intro-tutorials\05-scencemanager\playscence.cpp(569): warning C4018: '<': signed/unsigned mismatch
c:\users\admin\desktop\project 5\gamedev-intro-tutorials\05-scencemanager\playscence.cpp(701): warning C4244: '=': conversion from 'ULONGLONG' to 'DWORD', possible loss of data
c:\users\admin\desktop\project 5\gamedev-intro-tutorials\05-scencemanager\playscence.cpp(715): warning C4244: '=': conversion from 'ULONGLONG' to 'DWORD', possible loss of data
c:\users\admin\desktop\project 5\gamedev-intro-tutorials\05-scencemanager\playscence.cpp(726): warning C4244: '=': conversion from 'ULONGLONG' to 'DWORD', possible loss of data
c:\users\admin\desktop\project 5\gamedev-intro-tutorials\05-scencemanager\playscence.cpp(797): warning C4244: '=': conversion from 'ULONGLONG' to 'DWORD', possible loss of data
c:\users\admin\desktop\project 5\gamedev-intro-tutorials\05-scencemanager\playscence.cpp(919): warning C4305: 'argument': truncation from 'double' to 'float'
c:\users\admin\desktop\project 5\gamedev-intro-tutorials\05-scencemanager\playscence.cpp(923): warning C4305: 'argument': truncation from 'double' to 'float'
c:\users\admin\desktop\project 5\gamedev-intro-tutorials\05-scencemanager\playscence.cpp(940): warning C4305: 'argument': truncation from 'double' to 'float'
c:\users\admin\desktop\project 5\gamedev-intro-tutorials\05-scencemanager\playscence.cpp(944): warning C4305: 'argument': truncation from 'double' to 'float'
c:\users\admin\desktop\project 5\gamedev-intro-tutorials\05-scencemanager\playscence.cpp(1013): warning C4305: 'argument': truncation from 'double' to 'float'
c:\users\admin\desktop\project 5\gamedev-intro-tutorials\05-scencemanager\playscence.cpp(1017): warning C4305: 'argument': truncation from 'double' to 'float'
c:\users\admin\desktop\project 5\gamedev-intro-tutorials\05-scencemanager\playscence.cpp(1043): warning C4305: 'argument': truncation from 'double' to 'float'
c:\users\admin\desktop\project 5\gamedev-intro-tutorials\05-scencemanager\playscence.cpp(1047): warning C4305: 'argument': truncation from 'double' to 'float'
c:\users\admin\desktop\project 5\gamedev-intro-tutorials\05-scencemanager\playscence.cpp(1110): warning C4305: 'argument': truncation from 'double' to 'float'
c:\users\admin\desktop\project 5\gamedev-intro-tutorials\05-scencemanager\playscence.cpp(1116): warning C4305: 'argument': truncation from 'double' to 'float'
  05-ScenceManager.vcxproj -> C:\Users\admin\Desktop\project 5\gamedev-intro-tutorials\Debug\05-ScenceManager.exe
